::1 - - [21/Jul/2022:12:19:41 +0000] "GET /imagesa/hola HTTP/1.1" 500 90
::1 - - [21/Jul/2022:12:19:45 +0000] "GET /images/hola HTTP/1.1" 200 42
::1 - - [21/Jul/2022:14:22:11 +0000] "GET /login/getToken HTTP/1.1" 500 149
::1 - - [21/Jul/2022:14:23:35 +0000] "GET /login/getToken HTTP/1.1" 500 149
::1 - - [21/Jul/2022:14:24:53 +0000] "GET /login/getToken HTTP/1.1" 200 18
::1 - - [21/Jul/2022:14:26:47 +0000] "GET /login/getToken HTTP/1.1" 200 18
::1 - - [21/Jul/2022:14:27:19 +0000] "GET /login/getToken HTTP/1.1" 200 18
::1 - - [21/Jul/2022:14:28:55 +0000] "GET /login/getToken HTTP/1.1" 200 18
::1 - - [21/Jul/2022:14:29:41 +0000] "GET /login/getToken HTTP/1.1" 200 18
::1 - - [21/Jul/2022:14:55:13 +0000] "GET /login/getToken/ HTTP/1.1" 500 90
::1 - - [21/Jul/2022:14:55:19 +0000] "GET /login/getToken/hola HTTP/1.1" 200 188
::1 - - [21/Jul/2022:14:55:46 +0000] "GET /login/getToken/ HTTP/1.1" 500 90
::1 - - [21/Jul/2022:15:02:53 +0000] "GET /image HTTP/1.1" 500 90
::1 - - [21/Jul/2022:15:03:12 +0000] "GET /image/ HTTP/1.1" 500 90
::1 - - [21/Jul/2022:15:03:29 +0000] "GET /images HTTP/1.1" 401 43
::1 - - [21/Jul/2022:15:03:34 +0000] "GET /login/getToken/ HTTP/1.1" 500 90
::1 - - [21/Jul/2022:15:03:38 +0000] "GET /login/getToken/ HTTP/1.1" 500 90
::1 - - [21/Jul/2022:15:03:42 +0000] "GET /login/getToken HTTP/1.1" 500 90
::1 - - [21/Jul/2022:15:03:47 +0000] "GET /login/getToken/picho HTTP/1.1" 200 190
::1 - - [21/Jul/2022:15:05:15 +0000] "GET /images HTTP/1.1" 418 25
::1 - - [21/Jul/2022:15:07:15 +0000] "GET /images HTTP/1.1" 200 17
::1 - - [21/Jul/2022:15:25:26 +0000] "GET /images HTTP/1.1" 200 17
::1 - - [21/Jul/2022:15:25:45 +0000] "GET /images HTTP/1.1" 200 22
::1 - - [21/Jul/2022:15:27:15 +0000] "GET /images/hola HTTP/1.1" 200 42
::1 - - [21/Jul/2022:16:07:22 +0000] "GET /images/hola HTTP/1.1" 500 90
::1 - - [21/Jul/2022:16:07:36 +0000] "GET /images/hola&hola HTTP/1.1" 200 42
::1 - - [21/Jul/2022:16:07:55 +0000] "GET /images/imageName=hola&hola=v HTTP/1.1" 200 52
::1 - - [21/Jul/2022:16:10:00 +0000] "GET /images/imageName=hola&hola=v HTTP/1.1" 200 52
::1 - - [21/Jul/2022:16:10:32 +0000] "GET /images/imageName=hola&hola=v HTTP/1.1" 200 52
::1 - - [21/Jul/2022:16:11:37 +0000] "GET /images/hola&como HTTP/1.1" 200 42
::1 - - [21/Jul/2022:16:11:51 +0000] "GET /images/hola& HTTP/1.1" 200 42
::1 - - [21/Jul/2022:16:12:00 +0000] "GET /images/hola HTTP/1.1" 500 90
::1 - - [21/Jul/2022:16:15:28 +0000] "GET /images/hola HTTP/1.1" 200 42
::1 - - [21/Jul/2022:16:15:33 +0000] "GET /images/hola/como HTTP/1.1" 200 42
::1 - - [22/Jul/2022:07:57:59 +0000] "GET /images/hola/como HTTP/1.1" 500 90
::1 - - [22/Jul/2022:07:58:05 +0000] "GET /images/hola HTTP/1.1" 418 25
::1 - - [22/Jul/2022:07:58:13 +0000] "GET /login/getToken/picho HTTP/1.1" 200 190
::1 - - [22/Jul/2022:07:58:24 +0000] "GET /images/hola HTTP/1.1" 418 25
::1 - - [22/Jul/2022:07:58:45 +0000] "GET /images/hola HTTP/1.1" 200 42
::1 - - [22/Jul/2022:08:00:11 +0000] "GET /images/hola/photo?pages=2 HTTP/1.1" 200 42
::1 - - [22/Jul/2022:08:03:00 +0000] "GET /images/hola/photo?pages=2 HTTP/1.1" 200 42
::1 - - [22/Jul/2022:08:19:09 +0000] "GET /images/hola/photo?pages=2 HTTP/1.1" 404 35
::1 - - [22/Jul/2022:08:19:15 +0000] "GET /images/hola/photo?sol=2 HTTP/1.1" 404 35
::1 - - [22/Jul/2022:08:19:39 +0000] "GET /images/hola/photo?sol=2 HTTP/1.1" 500 84
::1 - - [22/Jul/2022:08:20:15 +0000] "GET /images/hola/photo?sol=2 HTTP/1.1" 200 23
::1 - - [22/Jul/2022:08:21:41 +0000] "GET /images/hola/photo?sol=2 HTTP/1.1" 200 23
::1 - - [22/Jul/2022:08:23:36 +0000] "GET /images/hola/photo?sol=2 HTTP/1.1" 200 23
::1 - - [22/Jul/2022:08:27:23 +0000] "GET /images/hola/photo?sol=2 HTTP/1.1" 200 23
::1 - - [22/Jul/2022:08:29:51 +0000] "GET /images/hola/photo?sol=2 HTTP/1.1" 200 23
::1 - - [22/Jul/2022:08:32:14 +0000] "GET /images/hola/photo?sol=2 HTTP/1.1" 200 23
::1 - - [22/Jul/2022:08:34:53 +0000] "GET /images/hola/photo?sol=2 HTTP/1.1" 200 13
::1 - - [22/Jul/2022:08:35:39 +0000] "GET /images/hola/photo?sol=2 HTTP/1.1" 200 13
::1 - - [22/Jul/2022:08:39:20 +0000] "GET /images/curiosity/photo?sol=2 HTTP/1.1" 200 28204
::1 - - [22/Jul/2022:08:42:16 +0000] "GET /images/curiosity/photo?sol=2&pages=1 HTTP/1.1" 200 28204
::1 - - [22/Jul/2022:08:43:11 +0000] "GET /images/curiosity/photo?sol=2&pages=1 HTTP/1.1" 200 28204
::1 - - [22/Jul/2022:08:47:18 +0000] "GET /images/curiositya/photo?sol=2&pages=1 HTTP/1.1" 404 115
::1 - - [22/Jul/2022:08:47:26 +0000] "GET /images/curiosity/photo?sol=2&pages=1 HTTP/1.1" 404 115
::1 - - [22/Jul/2022:08:47:30 +0000] "GET /images/curiosity/photo?sol=2&pages=1 HTTP/1.1" 404 115
::1 - - [22/Jul/2022:08:51:56 +0000] "GET /images/curiosity/photo?sol=2&pages=1 HTTP/1.1" 404 115
::1 - - [22/Jul/2022:08:52:29 +0000] "GET /images/curiosity/photo?sol=2&pages=1 HTTP/1.1" 404 115
::1 - - [22/Jul/2022:08:52:45 +0000] "GET /images/curiosity/photo?sol=2&pages=1 HTTP/1.1" 200 28204
::1 - - [22/Jul/2022:08:54:08 +0000] "GET /images/curiosity/photo?sol=2&pages=1 HTTP/1.1" 200 28204
::1 - - [22/Jul/2022:08:55:09 +0000] "GET /images/curiosity/photo?sol=2&pages=1 HTTP/1.1" 200 28204
::1 - - [22/Jul/2022:09:33:49 +0000] "GET /images/curiosityaaaa/photo?sol=2&pages=1 HTTP/1.1" 404 115
::1 - - [22/Jul/2022:09:33:55 +0000] "GET /images/curiosity/photo?sol=2&pages=1 HTTP/1.1" 200 28204
